<?xml version="1.0" encoding="UTF-8"?>
<!-- Generated by org.testng.reporters.JUnitReportReporter -->
<testsuite skipped="0" hostname="DESKTOP-ARSCS60" name="suite2.snapdeal" tests="1" failures="0" timestamp="23 Nov 2020 03:11:09 GMT" time="14.032" errors="0">
  <testcase name="init" time="14.032" classname="suite2.snapdeal"/>
</testsuite> <!-- suite2.snapdeal -->
