<?xml version="1.0" encoding="UTF-8"?>
<!-- Generated by org.testng.reporters.JUnitReportReporter -->
<testsuite skipped="0" hostname="DESKTOP-ARSCS60" name="TestNGConcepts.Parallel" tests="2" failures="0" timestamp="23 Nov 2020 02:36:43 GMT" time="16.909" errors="0">
  <testcase name="launchGoogleApplication2" time="7.228" classname="TestNGConcepts.Parallel"/>
  <testcase name="launchGoogleApplication1" time="9.681" classname="TestNGConcepts.Parallel"/>
</testsuite> <!-- TestNGConcepts.Parallel -->
