<?xml version="1.0" encoding="UTF-8"?>
<!-- Generated by org.testng.reporters.JUnitReportReporter -->
<testsuite skipped="0" hostname="DESKTOP-ARSCS60" name="TestNGConcepts.SoftAssertConcept" tests="1" failures="0" timestamp="16 Nov 2020 21:21:53 GMT" time="0.069" errors="0">
  <testcase name="softAssertion" time="0.069" classname="TestNGConcepts.SoftAssertConcept"/>
</testsuite> <!-- TestNGConcepts.SoftAssertConcept -->
