<?xml version="1.0" encoding="UTF-8"?>
<!-- Generated by org.testng.reporters.JUnitReportReporter -->
<testsuite skipped="0" hostname="DESKTOP-ARSCS60" name="TestNGConcepts.FirstNg" tests="1" failures="0" timestamp="23 Nov 2020 16:31:58 GMT" time="0.017" errors="0">
  <testcase name="displayMessage" time="0.017" classname="TestNGConcepts.FirstNg"/>
</testsuite> <!-- TestNGConcepts.FirstNg -->
