<?xml version="1.0" encoding="UTF-8"?>
<!-- Generated by org.testng.reporters.JUnitReportReporter -->
<testsuite skipped="0" hostname="DESKTOP-ARSCS60" name="TestNGConcepts.DifferentAnnotations" tests="4" failures="0" timestamp="17 Nov 2020 01:08:56 GMT" time="0.059" errors="0">
  <testcase name="D" time="0.006" classname="TestNGConcepts.DifferentAnnotations"/>
  <testcase name="H" time="0.018" classname="TestNGConcepts.DifferentAnnotations"/>
  <testcase name="F" time="0.004" classname="TestNGConcepts.DifferentAnnotations"/>
  <testcase name="C" time="0.031" classname="TestNGConcepts.DifferentAnnotations"/>
</testsuite> <!-- TestNGConcepts.DifferentAnnotations -->
