<?xml version="1.0" encoding="UTF-8"?>
<!-- Generated by org.testng.reporters.JUnitReportReporter -->
<testsuite skipped="0" hostname="DESKTOP-ARSCS60" name="ParallelExecution.GoogleApp" tests="1" failures="0" timestamp="23 Nov 2020 20:10:40 GMT" time="12.793" errors="0">
  <testcase name="launchGoogleApplication" time="12.793" classname="ParallelExecution.GoogleApp"/>
</testsuite> <!-- ParallelExecution.GoogleApp -->
