<?xml version="1.0" encoding="UTF-8"?>
<!-- Generated by org.testng.reporters.JUnitReportReporter -->
<testsuite skipped="0" hostname="DESKTOP-ARSCS60" name="TestNGConcepts.Priorities" tests="3" failures="0" timestamp="23 Nov 2020 18:36:18 GMT" time="0.029" errors="0">
  <testcase name="B" time="0.005" classname="TestNGConcepts.Priorities"/>
  <testcase name="Z" time="0.007" classname="TestNGConcepts.Priorities"/>
  <testcase name="A" time="0.017" classname="TestNGConcepts.Priorities"/>
</testsuite> <!-- TestNGConcepts.Priorities -->
