<?xml version="1.0" encoding="UTF-8"?>
<!-- Generated by org.testng.reporters.JUnitReportReporter -->
<testsuite skipped="3" hostname="DESKTOP-ARSCS60" name="TestNGConcepts.TC001_SkipTestConcept" tests="3" failures="0" timestamp="23 Nov 2020 18:53:35 GMT" time="0.048" errors="0">
  <testcase name="loginTest" time="0.048" classname="TestNGConcepts.TC001_SkipTestConcept">
    <skipped/>
  </testcase> <!-- loginTest -->
  <testcase name="bookTickets" time="0.000" classname="TestNGConcepts.TC001_SkipTestConcept">
    <skipped/>
  </testcase> <!-- bookTickets -->
  <testcase name="logout" time="0.000" classname="TestNGConcepts.TC001_SkipTestConcept">
    <skipped/>
  </testcase> <!-- logout -->
</testsuite> <!-- TestNGConcepts.TC001_SkipTestConcept -->
