<?xml version="1.0" encoding="UTF-8"?>
<!-- Generated by org.testng.reporters.JUnitReportReporter -->
<testsuite skipped="0" hostname="DESKTOP-ARSCS60" name="TestNGConcepts.FirstCode" tests="3" failures="0" timestamp="22 Nov 2020 23:18:40 GMT" time="0.059" errors="0">
  <testcase name="f_test" time="0.027" classname="TestNGConcepts.FirstCode"/>
  <testcase name="b_test" time="0.016" classname="TestNGConcepts.FirstCode"/>
  <testcase name="a_test" time="0.016" classname="TestNGConcepts.FirstCode"/>
</testsuite> <!-- TestNGConcepts.FirstCode -->
