<?xml version="1.0" encoding="UTF-8"?>
<!-- Generated by org.testng.reporters.JUnitReportReporter -->
<testsuite skipped="0" hostname="DESKTOP-ARSCS60" name="SuiteB.PersonalDetails" tests="3" failures="0" timestamp="23 Nov 2020 19:29:35 GMT" time="0.027" errors="0">
  <testcase name="displayName" time="0.006" classname="SuiteB.PersonalDetails"/>
  <testcase name="displayNumber" time="0.003" classname="SuiteB.PersonalDetails"/>
  <testcase name="displayEmail" time="0.018" classname="SuiteB.PersonalDetails"/>
</testsuite> <!-- SuiteB.PersonalDetails -->
