<?xml version="1.0" encoding="UTF-8"?>
<!-- Generated by org.testng.reporters.JUnitReportReporter -->
<testsuite skipped="0" hostname="DESKTOP-ARSCS60" name="TestNGConcepts.TestNgCode" tests="2" failures="0" timestamp="23 Nov 2020 00:19:10 GMT" time="4.268" errors="0">
  <testcase name="register" time="2.079" classname="TestNGConcepts.TestNgCode"/>
  <testcase name="support" time="2.189" classname="TestNGConcepts.TestNgCode"/>
</testsuite> <!-- TestNGConcepts.TestNgCode -->
