<?xml version="1.0" encoding="UTF-8"?>
<!-- Generated by org.testng.reporters.JUnitReportReporter -->
<testsuite skipped="0" hostname="DESKTOP-ARSCS60" name="TestNGConcepts.PersonalDetails" tests="3" failures="0" timestamp="23 Nov 2020 18:36:18 GMT" time="0.030" errors="0">
  <testcase name="displayEmail" time="0.021" classname="TestNGConcepts.PersonalDetails"/>
  <testcase name="displayName" time="0.009" classname="TestNGConcepts.PersonalDetails"/>
  <testcase name="displayNumber" time="0.000" classname="TestNGConcepts.PersonalDetails"/>
</testsuite> <!-- TestNGConcepts.PersonalDetails -->
