<?xml version="1.0" encoding="UTF-8"?>
<!-- Generated by org.testng.reporters.JUnitReportReporter -->
<testsuite skipped="0" hostname="DESKTOP-ARSCS60" name="suite1.flipkart" tests="1" failures="0" timestamp="23 Nov 2020 03:10:45 GMT" time="14.796" errors="0">
  <testcase name="init" time="14.796" classname="suite1.flipkart"/>
</testsuite> <!-- suite1.flipkart -->
